<?xml version="1.0" encoding="utf-8"?><testsuites name="pytest tests"><testsuite name="pytest" errors="0" failures="0" skipped="1" tests="38" time="180.153" timestamp="2026-09-14T04:17:22.906984+00:00" hostname="d9fe97108eff"><testcase classname="tests.test_api" name="test_health_filters_aggregates_and_limits" time="2.493" /><testcase classname="tests.test_api" name="test_geo_and_optional_places" time="0.424" /><testcase classname="tests.test_api" name="test_empty_filter_serialization" time="0.276" /><testcase classname="tests.test_api" name="test_no_gold_is_explicit" time="0.103" /><testcase classname="tests.test_api" name="test_quality_follows_gold_lineage" time="0.501" /><testcase classname="tests.test_api" name="test_places_failure_is_nonblocking" time="0.093" /><testcase classname="tests.test_bronze" name="test_date_window_and_where" time="0.005" /><testcase classname="tests.test_bronze" name="test_pagination_and_cap" time="0.001" /><testcase classname="tests.test_bronze" name="test_retry_is_limited[429-3]" time="0.002" /><testcase classname="tests.test_bronze" name="test_retry_is_limited[503-3]" time="0.002" /><testcase classname="tests.test_bronze" name="test_retry_is_limited[400-1]" time="0.002" /><testcase classname="tests.test_bronze" name="test_bronze_quality" time="39.835" /><testcase classname="tests.test_bronze" name="test_bronze_manifest_and_partition" time="13.486" /><testcase classname="tests.test_dataops" name="test_gate_boundaries[0-PASS]" time="0.004" /><testcase classname="tests.test_dataops" name="test_gate_boundaries[1-PASS]" time="0.011" /><testcase classname="tests.test_dataops" name="test_gate_boundaries[2-WARNING]" time="0.002" /><testcase classname="tests.test_dataops" name="test_gate_boundaries[4-WARNING]" time="0.002" /><testcase classname="tests.test_dataops" name="test_gate_boundaries[5-FAIL]" time="0.004" /><testcase classname="tests.test_dataops" name="test_gate_boundaries[100-FAIL]" time="0.002" /><testcase classname="tests.test_dataops" name="test_gate_empty_and_invalid_metrics" time="0.002" /><testcase classname="tests.test_dataops" name="test_latest_failure_is_not_hidden" time="0.020" /><testcase classname="tests.test_dataops" name="test_publication_validation_and_audit" time="0.063" /><testcase classname="tests.test_dataops" name="test_gold_audit_counts_trips_not_aggregate_rows" time="0.070" /><testcase classname="tests.test_gold" name="test_gold_metrics_and_geo" time="19.102" /><testcase classname="tests.test_gold" name="test_gold_rejects_error_rows" time="3.166" /><testcase classname="tests.test_gold" name="test_gold_publication_and_failure_preserves_previous" time="23.433" /><testcase classname="tests.test_object_store" name="test_publication_download_and_failed_replacement" time="0.015" /><testcase classname="tests.test_object_store" name="test_checksum_and_path_protection" time="0.006" /><testcase classname="tests.test_object_store" name="test_restore_rebases_lineage_and_removes_old_parts" time="0.087" /><testcase classname="tests.test_s3_integration" name="test_real_s3_publication_and_preconditions" time="0.003"><skipped type="pytest.skip" message="Requires the local Compose object store">/opt/chicago/tests/test_s3_integration.py:11: Requires the local Compose object store</skipped></testcase><testcase classname="tests.test_silver" name="test_casting_errors_warnings_and_split" time="3.713" /><testcase classname="tests.test_silver" name="test_null_policy_duplicates_and_all_money_rules" time="1.511" /><testcase classname="tests.test_silver" name="test_reconciliation_failure" time="0.002" /><testcase classname="tests.test_silver" name="test_deduplication_prefers_valid_and_is_stable" time="6.734" /><testcase classname="tests.test_silver" name="test_staging_failure_keeps_old_partition" time="0.707" /><testcase classname="tests.test_silver" name="test_bronze_to_silver_and_rerun" time="24.080" /><testcase classname="tests.test_silver" name="test_empty_bronze_to_silver" time="8.742" /><testcase classname="tests.test_silver" name="test_missing_partition_records_failure" time="0.850" /></testsuite></testsuites>